\BOOKMARK [0][-]{chapter.1}{Chapter 1: The Real Number System.}{}% 1
\BOOKMARK [1][-]{section.1.1}{The Ordered Field Axioms}{chapter.1}% 2
\BOOKMARK [1][-]{section.1.2}{The Well Ordering Principle.}{chapter.1}% 3
\BOOKMARK [1][-]{section.1.3}{The Axiom of Completeness.}{chapter.1}% 4
\BOOKMARK [1][-]{section.1.4}{Functions, Countability, and The Algebra of Sets.}{chapter.1}% 5
\BOOKMARK [0][-]{chapter.2}{Sequences in R.}{}% 6
\BOOKMARK [1][-]{section.2.1}{Limits of Sequences.}{chapter.2}% 7
\BOOKMARK [1][-]{section.2.2}{Limit Theorems}{chapter.2}% 8
\BOOKMARK [1][-]{section.2.3}{The Bolzano-Weierstrass Theorem.}{chapter.2}% 9
\BOOKMARK [1][-]{section.2.4}{Cauchy Sequences.}{chapter.2}% 10
\BOOKMARK [1][-]{section.2.5}{Limits, Least Upperbounds and Greatest Lowerbounds.}{chapter.2}% 11
\BOOKMARK [0][-]{chapter.3}{Continuity on R.}{}% 12
\BOOKMARK [1][-]{section.3.1}{Two Sided Limits.}{chapter.3}% 13
\BOOKMARK [1][-]{section.3.2}{One Sided Limits.}{chapter.3}% 14
\BOOKMARK [1][-]{section.3.3}{Continuity.}{chapter.3}% 15
\BOOKMARK [0][-]{chapter.4}{Solutions to Chapter 1.}{}% 16
\BOOKMARK [1][-]{section.4.1}{The Ordered Field Axioms}{chapter.4}% 17
\BOOKMARK [1][-]{section.4.2}{The Well Ordering Principle.}{chapter.4}% 18
\BOOKMARK [1][-]{section.4.3}{The Axiom of Completeness.}{chapter.4}% 19
\BOOKMARK [1][-]{section.4.4}{Limits of Sequences}{chapter.4}% 20
\BOOKMARK [1][-]{section.4.5}{Limit Theorems.}{chapter.4}% 21
\BOOKMARK [1][-]{section.4.6}{The Bolano-Weierstrass Theorem.}{chapter.4}% 22
\BOOKMARK [1][-]{section.4.7}{Cauchy Sequences.}{chapter.4}% 23
\BOOKMARK [1][-]{section.4.8}{Limits of Least Upperbounds and Greatest Lowerbounds.}{chapter.4}% 24
\BOOKMARK [1][-]{section.4.9}{Two sided Limits}{chapter.4}% 25
