This is pdfTeX, Version 3.14159265-2.6-1.40.19 (MiKTeX 2.9.6655 NEXT 64-bit) (preloaded format=pdflatex 2018.4.2)  13 APR 2018 21:47
entering extended mode
**"./Introduction traslate V4.tex"
("Introduction traslate V4.tex"
LaTeX2e <2017-04-15>
Babel <3.18> and hyphenation patterns for 75 language(s) loaded.
("C:\Program Files\MiKTeX 2.9\tex\latex\amscls\amsbook.cls"
Document Class: amsbook 2017/10/31 v2.20.4
\linespacing=\dimen102
\normalparindent=\dimen103
\normaltopskip=\skip41
("C:\Program Files\MiKTeX 2.9\tex\latex\amsmath\amsmath.sty"
Package: amsmath 2017/09/02 v2.17a AMS math features
\@mathmargin=\skip42

For additional information on amsmath, use the `?' option.
("C:\Program Files\MiKTeX 2.9\tex\latex\amsmath\amstext.sty"
Package: amstext 2000/06/29 v2.01 AMS text

("C:\Program Files\MiKTeX 2.9\tex\latex\amsmath\amsgen.sty"
File: amsgen.sty 1999/11/30 v2.0 generic functions
\@emptytoks=\toks14
\ex@=\dimen104
))
("C:\Program Files\MiKTeX 2.9\tex\latex\amsmath\amsbsy.sty"
Package: amsbsy 1999/11/29 v1.2d Bold Symbols
\pmbraise@=\dimen105
)
("C:\Program Files\MiKTeX 2.9\tex\latex\amsmath\amsopn.sty"
Package: amsopn 2016/03/08 v2.02 operator names
)
\inf@bad=\count79
LaTeX Info: Redefining \frac on input line 213.
\uproot@=\count80
\leftroot@=\count81
LaTeX Info: Redefining \overline on input line 375.
\classnum@=\count82
\DOTSCASE@=\count83
LaTeX Info: Redefining \ldots on input line 472.
LaTeX Info: Redefining \dots on input line 475.
LaTeX Info: Redefining \cdots on input line 596.
\Mathstrutbox@=\box26
\strutbox@=\box27
\big@size=\dimen106
LaTeX Font Info:    Redeclaring font encoding OML on input line 712.
LaTeX Font Info:    Redeclaring font encoding OMS on input line 713.
\macc@depth=\count84
\c@MaxMatrixCols=\count85
\dotsspace@=\muskip10
\c@parentequation=\count86
\dspbrk@lvl=\count87
\tag@help=\toks15
\row@=\count88
\column@=\count89
\maxfields@=\count90
\andhelp@=\toks16
\eqnshift@=\dimen107
\alignsep@=\dimen108
\tagshift@=\dimen109
\tagwidth@=\dimen110
\totwidth@=\dimen111
\lineht@=\dimen112
\@envbody=\toks17
\multlinegap=\skip43
\multlinetaggap=\skip44
\mathdisplay@stack=\toks18
LaTeX Info: Redefining \[ on input line 2817.
LaTeX Info: Redefining \] on input line 2818.
)
LaTeX Font Info:    Try loading font information for U+msa on input line 377.

("C:\Program Files\MiKTeX 2.9\tex\latex\amsfonts\umsa.fd"
File: umsa.fd 2013/01/14 v3.01 AMS symbols A
)
("C:\Program Files\MiKTeX 2.9\tex\latex\amsfonts\amsfonts.sty"
Package: amsfonts 2013/01/14 v3.01 Basic AMSFonts support
\symAMSa=\mathgroup4
\symAMSb=\mathgroup5
LaTeX Font Info:    Overwriting math alphabet `\mathfrak' in version `bold'
(Font)                  U/euf/m/n --> U/euf/b/n on input line 106.
)
\copyins=\insert199
\abstractbox=\box28
\listisep=\skip45
\c@part=\count91
\c@chapter=\count92
\c@section=\count93
\c@subsection=\count94
\c@subsubsection=\count95
\c@paragraph=\count96
\c@subparagraph=\count97
\c@figure=\count98
\c@table=\count99
\abovecaptionskip=\skip46
\belowcaptionskip=\skip47
\captionindent=\dimen113
\thm@style=\toks19
\thm@bodyfont=\toks20
\thm@headfont=\toks21
\thm@notefont=\toks22
\thm@headpunct=\toks23
\thm@preskip=\skip48
\thm@postskip=\skip49
\thm@headsep=\skip50
\dth@everypar=\toks24
)
("C:\Program Files\MiKTeX 2.9\tex\latex\base\fontenc.sty"
Package: fontenc 2017/04/05 v2.0i Standard LaTeX package

("C:\Program Files\MiKTeX 2.9\tex\latex\base\t1enc.def"
File: t1enc.def 2017/04/05 v2.0i Standard LaTeX file
LaTeX Font Info:    Redeclaring font encoding T1 on input line 48.
))
("C:\Program Files\MiKTeX 2.9\tex\latex\base\inputenc.sty"
Package: inputenc 2015/03/17 v1.2c Input encoding file
\inpenc@prehook=\toks25
\inpenc@posthook=\toks26

("C:\Program Files\MiKTeX 2.9\tex\latex\base\latin9.def"
File: latin9.def 2015/03/17 v1.2c Input encoding file
))
("C:\Program Files\MiKTeX 2.9\tex\latex\amsfonts\amssymb.sty"
Package: amssymb 2013/01/14 v3.01 AMS font symbols
)
("C:\Program Files\MiKTeX 2.9\tex\latex\graphics\graphicx.sty"
Package: graphicx 2017/06/01 v1.1a Enhanced LaTeX Graphics (DPC,SPQR)

("C:\Program Files\MiKTeX 2.9\tex\latex\graphics\keyval.sty"
Package: keyval 2014/10/28 v1.15 key=value parser (DPC)
\KV@toks@=\toks27
)
("C:\Program Files\MiKTeX 2.9\tex\latex\graphics\graphics.sty"
Package: graphics 2017/06/25 v1.2c Standard LaTeX Graphics (DPC,SPQR)

("C:\Program Files\MiKTeX 2.9\tex\latex\graphics\trig.sty"
Package: trig 2016/01/03 v1.10 sin cos tan (DPC)
)
("C:\Program Files\MiKTeX 2.9\tex\latex\graphics-cfg\graphics.cfg"
File: graphics.cfg 2016/06/04 v1.11 sample graphics configuration
)
Package graphics Info: Driver file: pdftex.def on input line 99.

("C:\Program Files\MiKTeX 2.9\tex\latex\graphics-def\pdftex.def"
File: pdftex.def 2018/01/08 v1.0l Graphics/color driver for pdftex
))
\Gin@req@height=\dimen114
\Gin@req@width=\dimen115
)
("C:\Program Files\MiKTeX 2.9\tex\latex\setspace\setspace.sty"
Package: setspace 2011/12/19 v6.7a set line spacing
)
\c@thm=\count100

("C:\Program Files\MiKTeX 2.9\tex\generic\babel\babel.sty"
Package: babel 2018/02/14 3.18 The Babel package

("C:\Program Files\MiKTeX 2.9\tex\generic\babel\switch.def"
File: switch.def 2018/02/14 3.18 Babel switching mechanism
)
*************************************
* Local config file bblopts.cfg used
*
("C:\Program Files\MiKTeX 2.9\tex\latex\arabi\bblopts.cfg"
File: bblopts.cfg 2005/09/08 v0.1 add Arabic and Farsi to "declared" options of
 babel
)
("C:\Program Files\MiKTeX 2.9\tex\latex\babel-english\english.ldf"
Language: english 2017/06/06 v3.3r English support from the babel system

("C:\Program Files\MiKTeX 2.9\tex\generic\babel\babel.def"
File: babel.def 2018/02/14 3.18 Babel common definitions
\babel@savecnt=\count101
\U@D=\dimen116

("C:\Program Files\MiKTeX 2.9\tex\generic\babel\txtbabel.def")
\bbl@dirlevel=\count102
)
\l@canadian = a dialect from \language\l@american 
\l@australian = a dialect from \language\l@british 
\l@newzealand = a dialect from \language\l@british 
))
("Introduction traslate V4.aux")
\openout1 = `"Introduction traslate V4.aux"'.

LaTeX Font Info:    Checking defaults for OML/cmm/m/it on input line 44.
LaTeX Font Info:    ... okay on input line 44.
LaTeX Font Info:    Checking defaults for T1/cmr/m/n on input line 44.
LaTeX Font Info:    ... okay on input line 44.
LaTeX Font Info:    Checking defaults for OT1/cmr/m/n on input line 44.
LaTeX Font Info:    ... okay on input line 44.
LaTeX Font Info:    Checking defaults for OMS/cmsy/m/n on input line 44.
LaTeX Font Info:    ... okay on input line 44.
LaTeX Font Info:    Checking defaults for OMX/cmex/m/n on input line 44.
LaTeX Font Info:    ... okay on input line 44.
LaTeX Font Info:    Checking defaults for U/cmr/m/n on input line 44.
LaTeX Font Info:    ... okay on input line 44.
LaTeX Font Info:    Try loading font information for U+msa on input line 44.

("C:\Program Files\MiKTeX 2.9\tex\latex\amsfonts\umsa.fd"
File: umsa.fd 2013/01/14 v3.01 AMS symbols A
)
LaTeX Font Info:    Try loading font information for U+msb on input line 44.

("C:\Program Files\MiKTeX 2.9\tex\latex\amsfonts\umsb.fd"
File: umsb.fd 2013/01/14 v3.01 AMS symbols B
)
("C:\Program Files\MiKTeX 2.9\tex\context\base\supp-pdf.mkii"
[Loading MPS to PDF converter (version 2006.09.02).]
\scratchcounter=\count103
\scratchdimen=\dimen117
\scratchbox=\box29
\nofMPsegments=\count104
\nofMParguments=\count105
\everyMPshowfont=\toks28
\MPscratchCnt=\count106
\MPscratchDim=\dimen118
\MPnumerator=\count107
\makeMPintoPDFobject=\count108
\everyMPtoPDFconversion=\toks29
) ("C:\Program Files\MiKTeX 2.9\tex\latex\oberdiek\epstopdf-base.sty"
Package: epstopdf-base 2016/05/15 v2.6 Base part for package epstopdf

("C:\Program Files\MiKTeX 2.9\tex\generic\oberdiek\infwarerr.sty"
Package: infwarerr 2016/05/16 v1.4 Providing info/warning/error messages (HO)
)
("C:\Program Files\MiKTeX 2.9\tex\latex\oberdiek\grfext.sty"
Package: grfext 2016/05/16 v1.2 Manage graphics extensions (HO)

("C:\Program Files\MiKTeX 2.9\tex\generic\oberdiek\kvdefinekeys.sty"
Package: kvdefinekeys 2016/05/16 v1.4 Define keys (HO)

("C:\Program Files\MiKTeX 2.9\tex\generic\oberdiek\ltxcmds.sty"
Package: ltxcmds 2016/05/16 v1.23 LaTeX kernel commands for general use (HO)
)))
("C:\Program Files\MiKTeX 2.9\tex\latex\oberdiek\kvoptions.sty"
Package: kvoptions 2016/05/16 v3.12 Key value format for package options (HO)

("C:\Program Files\MiKTeX 2.9\tex\generic\oberdiek\kvsetkeys.sty"
Package: kvsetkeys 2016/05/16 v1.17 Key value parser (HO)

("C:\Program Files\MiKTeX 2.9\tex\generic\oberdiek\etexcmds.sty"
Package: etexcmds 2016/05/16 v1.6 Avoid name clashes with e-TeX commands (HO)

("C:\Program Files\MiKTeX 2.9\tex\generic\oberdiek\ifluatex.sty"
Package: ifluatex 2016/05/16 v1.4 Provides the ifluatex switch (HO)
Package ifluatex Info: LuaTeX not detected.
)
Package etexcmds Info: Could not find \expanded.
(etexcmds)             That can mean that you are not using pdfTeX 1.50 or
(etexcmds)             that some package has redefined \expanded.
(etexcmds)             In the latter case, load this package earlier.
)))
("C:\Program Files\MiKTeX 2.9\tex\generic\oberdiek\pdftexcmds.sty"
Package: pdftexcmds 2018/01/30 v0.27 Utility functions of pdfTeX for LuaTeX (HO
)

("C:\Program Files\MiKTeX 2.9\tex\generic\oberdiek\ifpdf.sty"
Package: ifpdf 2017/03/15 v3.2 Provides the ifpdf switch
)
Package pdftexcmds Info: LuaTeX not detected.
Package pdftexcmds Info: \pdf@primitive is available.
Package pdftexcmds Info: \pdf@ifprimitive is available.
Package pdftexcmds Info: \pdfdraftmode found.
)
Package epstopdf-base Info: Redefining graphics rule for `.eps' on input line 4
38.
Package grfext Info: Graphics extension search list:
(grfext)             [.pdf,.png,.jpg,.mps,.jpeg,.jbig2,.jb2,.PDF,.PNG,.JPG,.JPE
G,.JBIG2,.JB2,.eps]
(grfext)             \AppendGraphicsExtensions on input line 456.
)
Chapter 1

Underfull \vbox (badness 10000) has occurred while \output is active []

 [1


{C:/Users/leoni/AppData/Local/MiKTeX/2.9/pdftex/config/pdftex.map}]
Underfull \vbox (badness 10000) has occurred while \output is active []

 [2]
Underfull \vbox (badness 10000) has occurred while \output is active []

 [3]
Underfull \vbox (badness 10000) has occurred while \output is active []

 [4]
[5]
Overfull \hbox (33.24799pt too wide) in paragraph at lines 192--197
\T1/cmr/m/n/12 also sat-is-fies ho-mo-ge-neous lin-ear re-cur-rence its weight 
se-quences $[]$
 []


Underfull \vbox (badness 10000) has occurred while \output is active []

 [6]
Underfull \vbox (badness 3068) has occurred while \output is active []

 [7]
Package epstopdf Info: Source file: <"../../Subject on Thesis PHD/About on Thes
is/On RotBF submmit Combinatorica - marzo 6 de 2017/Trapezoid73".eps>
(epstopdf)                    date: 2018-04-05 09:13:18
(epstopdf)                    size: 44160 bytes
(epstopdf)             Output file: <"../../Subject on Thesis PHD/About on Thes
is/On RotBF submmit Combinatorica - marzo 6 de 2017/Trapezoid73"-eps-converted-
to.pdf>
(epstopdf)                    date: 2018-04-13 21:45:35
(epstopdf)                    size: 11138 bytes
(epstopdf)             Command: <epstopdf --outfile="../../Subject on Thesis PH
D/About on Thesis/On RotBF submmit Combinatorica - marzo 6 de 2017/Trapezoid73"
-eps-converted-to.pdf "../../Subject on Thesis PHD/About on Thesis/On RotBF sub
mmit Combinatorica - marzo 6 de 2017/Trapezoid73".eps>
(epstopdf)             \includegraphics on input line 286.
Package epstopdf Info: Output file is already uptodate.
<"../../Subject on Thesis PHD/About on Thesis/On RotBF submmit Combinatorica - 
marzo 6 de 2017/Trapezoid73"-eps-converted-to.pdf, id=46, 481.8pt x 361.35pt>
File: "../../Subject on Thesis PHD/About on Thesis/On RotBF submmit Combinatori
ca - marzo 6 de 2017/Trapezoid73"-eps-converted-to.pdf Graphic file (type pdf)
<use "../../Subject on Thesis PHD/About on Thesis/On RotBF submmit Combinatoric
a - marzo 6 de 2017/Trapezoid73"-eps-converted-to.pdf>
Package pdftex.def Info: "../../Subject on Thesis PHD/About on Thesis/On RotBF 
submmit Combinatorica - marzo 6 de 2017/Trapezoid73"-eps-converted-to.pdf  used
 on input line 286.
(pdftex.def)             Requested size: 216.81pt x 162.60599pt.

Underfull \vbox (badness 10000) has occurred while \output is active []

 [8]
Overfull \hbox (7.86656pt too wide) in paragraph at lines 295--300
[]\T1/cmr/m/n/12 This tech-nique con-sists
 []


Overfull \hbox (5.32898pt too wide) in paragraph at lines 295--300
\T1/cmr/m/n/12 of the sim-ple game of as-sign-ing the nu-meric value to the Boo
lean
 []

[9 <../../Subject on Thesis PHD/About on Thesis/On RotBF submmit Combinatorica 
- marzo 6 de 2017/Trapezoid73-eps-converted-to.pdf>]
Underfull \vbox (badness 10000) has occurred while \output is active []

 [10]
[11]
Chapter 2

Overfull \hbox (2.86577pt too wide) detected at line 368
\OML/cmm/m/it/12 R[]\OT1/cmr/m/n/12 (\OML/cmm/m/it/12 n\OT1/cmr/m/n/12 ) = \OML
/cmm/m/it/12 X[]X[] [] X[] \OT1/cmr/m/n/12 + \OML/cmm/m/it/12 X[]X[] [] X[] \OT
1/cmr/m/n/12 + [] + \OML/cmm/m/it/12 X[]X[] [] X[];
 []


Underfull \vbox (badness 10000) has occurred while \output is active []

 [12


]

LaTeX Warning: Reference `rotex' on page 13 undefined on input line 372.


LaTeX Warning: Reference `anyGalois' on page 13 undefined on input line 398.


Underfull \vbox (badness 10000) has occurred while \output is active []

 [13]
Overfull \hbox (6.4666pt too wide) detected at line 434
\OMS/cmsy/m/n/12 f\OML/cmm/m/it/12 S\OT1/cmr/m/n/12 (\OML/cmm/m/it/12 [] \OT1/
cmr/m/n/12 + \OML/cmm/m/it/12 F\OT1/cmr/m/n/12 (\OT1/cmr/bx/n/12 X\OT1/cmr/m/n/
12 ) + \OML/cmm/m/it/12 X[] \OT1/cmr/m/n/12 + \OML/cmm/m/it/12 X[]X[] \OT1/cmr/
m/n/12 + \OML/cmm/m/it/12 X[]X[]X[] \OT1/cmr/m/n/12 + [] + \OML/cmm/m/it/12 X[]
X[] [] X[]\OT1/cmr/m/n/12 )\OMS/cmsy/m/n/12 g
 []

[14] [15]
Overfull \hbox (21.9021pt too wide) detected at line 491
\OML/cmm/m/it/12 S[] [] \OT1/cmr/m/n/12 = \OML/cmm/m/it/12 S[] []
 []

[16] [17] [18] [19] [20]
Chapter 3

LaTeX Warning: Reference `genboolsym' on page 21 undefined on input line 661.


Underfull \vbox (badness 10000) has occurred while \output is active []

 [21


]

LaTeX Warning: Citation `cgm2' on page 22 undefined on input line 680.


Underfull \vbox (badness 10000) has occurred while \output is active []

 [22]
Overfull \hbox (15.79308pt too wide) has occurred while \output is active
 \T1/cmr/m/n/9 3.2. A FORMULA FOR EXPONENTIAL SUMS IN TERMS OF MULTINOMIAL SUMS
 []
 []

[23]
Overfull \hbox (60.58615pt too wide) detected at line 749
\OT1/cmr/m/n/12 [](\OML/cmm/m/it/12 k; m[]; m[]; []  ; m[]\OT1/cmr/m/n/12 ) = 
[] []\OML/cmm/m/it/12 a[]\OT1/cmr/m/n/12 [](\OML/cmm/m/it/12 k \OMS/cmsy/m/n/1
2   \OML/cmm/m/it/12 j; m[]; m[]; []  ; m[]\OT1/cmr/m/n/12 )\OML/cmm/m/it/12 ;
 []


Overfull \hbox (1.87161pt too wide) in paragraph at lines 752--755
[]\T1/cmr/m/sc/12 Lemma \T1/cmr/m/n/12 19\T1/cmr/m/sc/12 . \T1/cmr/m/it/12 Let 
$\OML/cmm/m/it/12 n$ \T1/cmr/m/it/12 and $\OML/cmm/m/it/12 k$ \T1/cmr/m/it/12 b
e pos-i-tive in-te-gers. Let $\OML/cmm/m/it/12 A[] \OT1/cmr/m/n/12 = \OMS/cmsy/
m/n/12 f\OT1/cmr/m/n/12 0\OML/cmm/m/it/12 ; a[]; []  ; a[]\OMS/cmsy/m/n/12 g$
 []


Overfull \hbox (15.79308pt too wide) has occurred while \output is active
 \T1/cmr/m/n/9 3.2. A FORMULA FOR EXPONENTIAL SUMS IN TERMS OF MULTINOMIAL SUMS
 []
 []

[24]
Overfull \hbox (15.79308pt too wide) has occurred while \output is active
 \T1/cmr/m/n/9 3.2. A FORMULA FOR EXPONENTIAL SUMS IN TERMS OF MULTINOMIAL SUMS
 []
 []

[25]
Overfull \hbox (123.74382pt too wide) detected at line 838
\OMS/cmsy/m/n/12 L\OT1/cmr/m/n/12 (6; 3) = \OMS/cmsy/m/n/12 f\OT1/cmr/m/n/12 1\
OML/cmm/m/it/12 ; \OT1/cmr/m/n/12 6\OML/cmm/m/it/12 ; \OT1/cmr/m/n/12 15\OML/cm
m/m/it/12 ; \OT1/cmr/m/n/12 20\OML/cmm/m/it/12 ; \OT1/cmr/m/n/12 15\OML/cmm/m/i
t/12 ; \OT1/cmr/m/n/12 6\OML/cmm/m/it/12 ; \OT1/cmr/m/n/12 1\OML/cmm/m/it/12 ; 
\OT1/cmr/m/n/12 6\OML/cmm/m/it/12 ; \OT1/cmr/m/n/12 30\OML/cmm/m/it/12 ; \OT1/c
mr/m/n/12 60\OML/cmm/m/it/12 ; \OT1/cmr/m/n/12 60\OML/cmm/m/it/12 ; \OT1/cmr/m/
n/12 30\OML/cmm/m/it/12 ; \OT1/cmr/m/n/12 6\OML/cmm/m/it/12 ; \OT1/cmr/m/n/12 1
5\OML/cmm/m/it/12 ; \OT1/cmr/m/n/12 60\OML/cmm/m/it/12 ; \OT1/cmr/m/n/12 90\OML
/cmm/m/it/12 ; \OT1/cmr/m/n/12 60\OML/cmm/m/it/12 ; \OT1/cmr/m/n/12 15\OML/cmm/
m/it/12 ; \OT1/cmr/m/n/12 20\OML/cmm/m/it/12 ; \OT1/cmr/m/n/12 60\OML/cmm/m/it/
12 ; \OT1/cmr/m/n/12 60\OML/cmm/m/it/12 ; \OT1/cmr/m/n/12 20\OML/cmm/m/it/12 ; 
\OT1/cmr/m/n/12 15\OML/cmm/m/it/12 ; \OT1/cmr/m/n/12 30\OML/cmm/m/it/12 ; \OT1/
cmr/m/n/12 15\OML/cmm/m/it/12 ; \OT1/cmr/m/n/12 6\OML/cmm/m/it/12 ; \OT1/cmr/m/
n/12 6\OML/cmm/m/it/12 ; \OT1/cmr/m/n/12 1\OMS/cmsy/m/n/12 g\OML/cmm/m/it/12 :
 []


Underfull \vbox (badness 10000) has occurred while \output is active []


Overfull \hbox (15.79308pt too wide) has occurred while \output is active
 \T1/cmr/m/n/9 3.2. A FORMULA FOR EXPONENTIAL SUMS IN TERMS OF MULTINOMIAL SUMS
 []
 []

[26]

LaTeX Warning: Reference `diopheq' on page 27 undefined on input line 859.


LaTeX Warning: Reference `diopheq' on page 27 undefined on input line 868.


LaTeX Warning: Citation `cgm2' on page 27 undefined on input line 871.


Underfull \vbox (badness 10000) has occurred while \output is active []


Overfull \hbox (15.79308pt too wide) has occurred while \output is active
 \T1/cmr/m/n/9 3.2. A FORMULA FOR EXPONENTIAL SUMS IN TERMS OF MULTINOMIAL SUMS
 []
 []

[27]
Overfull \hbox (33.7262pt too wide) has occurred while \output is active
 \T1/cmr/m/n/9 3.3. CLOSED FORMULAS FOR EXPONENTIAL SUMS OF SYMMETRIC POLYNOMIA
LS []
 []

[28]
Overfull \hbox (33.7262pt too wide) has occurred while \output is active
 \T1/cmr/m/n/9 3.3. CLOSED FORMULAS FOR EXPONENTIAL SUMS OF SYMMETRIC POLYNOMIA
LS []
 []

[29]

LaTeX Warning: Reference `nicerep' on page 30 undefined on input line 950.


LaTeX Warning: Reference `nicerep' on page 30 undefined on input line 954.


Overfull \hbox (22.27423pt too wide) in paragraph at lines 950--958
\T1/cmr/m/n/12 that $\OML/cmm/m/it/12 [] \OT1/cmr/m/n/12 = \OML/cmm/m/it/12 [
]$ \T1/cmr/m/n/12 where $\OT1/cmr/m/n/12 (\OML/cmm/m/it/12 t[]; []  ; t[]\OT1/c
mr/m/n/12 )$ \T1/cmr/m/n/12 is any re-arrange-ment of $\OT1/cmr/m/n/12 (\OML/cm
m/m/it/12 t[]; []  ; t[]\OT1/cmr/m/n/12 )$\T1/cmr/m/n/12 .
 []


LaTeX Warning: Reference `gensumA' on page 30 undefined on input line 966.


Overfull \hbox (33.7262pt too wide) has occurred while \output is active
 \T1/cmr/m/n/9 3.3. CLOSED FORMULAS FOR EXPONENTIAL SUMS OF SYMMETRIC POLYNOMIA
LS []
 []

[30]

LaTeX Warning: Reference `gensum' on page 31 undefined on input line 1002.


Overfull \hbox (33.7262pt too wide) has occurred while \output is active
 \T1/cmr/m/n/9 3.3. CLOSED FORMULAS FOR EXPONENTIAL SUMS OF SYMMETRIC POLYNOMIA
LS []
 []

[31]
Overfull \hbox (84.66853pt too wide) detected at line 1055
[]
 []


Underfull \vbox (badness 1005) has occurred while \output is active []


Overfull \hbox (33.7262pt too wide) has occurred while \output is active
 \T1/cmr/m/n/9 3.3. CLOSED FORMULAS FOR EXPONENTIAL SUMS OF SYMMETRIC POLYNOMIA
LS []
 []

[32]
Overfull \hbox (107.11815pt too wide) in alignment at lines 1064--1066
 [][][] []
 []


Overfull \hbox (33.7262pt too wide) has occurred while \output is active
 \T1/cmr/m/n/9 3.3. CLOSED FORMULAS FOR EXPONENTIAL SUMS OF SYMMETRIC POLYNOMIA
LS []
 []

[33]
Overfull \hbox (33.7262pt too wide) has occurred while \output is active
 \T1/cmr/m/n/9 3.3. CLOSED FORMULAS FOR EXPONENTIAL SUMS OF SYMMETRIC POLYNOMIA
LS []
 []

[34] [35]
Bibliography

Underfull \vbox (badness 10000) has occurred while \output is active []

 [36


]
Underfull \vbox (badness 10000) has occurred while \output is active []

 [37]
Underfull \vbox (badness 10000) has occurred while \output is active []

 [38]
[39] ("Introduction traslate V4.aux")

LaTeX Warning: There were undefined references.

 ) 
Here is how much of TeX's memory you used:
 3750 strings out of 493305
 47473 string characters out of 3138875
 114499 words of memory out of 3000000
 7049 multiletter control sequences out of 15000+200000
 25869 words of font info for 73 fonts, out of 3000000 for 9000
 1302 hyphenation exceptions out of 8191
 41i,10n,31p,342b,378s stack positions out of 5000i,500n,10000p,200000b,50000s
 <C:\Users\leoni\AppData\Local\MiKTeX\2.9\fonts\pk\ljfour\jknappen\ec\dpi600\
ecbx1000.pk> <C:\Users\leoni\AppData\Local\MiKTeX\2.9\fonts\pk\ljfour\jknappen\
ec\dpi600\ecti1000.pk> <C:\Users\leoni\AppData\Local\MiKTeX\2.9\fonts\pk\ljfour
\jknappen\ec\dpi600\ecrm1000.pk> <C:\Users\leoni\AppData\Local\MiKTeX\2.9\fonts
\pk\ljfour\jknappen\ec\dpi600\ecrm0800.pk> <C:\Users\leoni\AppData\Local\MiKTeX
\2.9\fonts\pk\ljfour\jknappen\ec\dpi600\eccc1200.pk> <C:\Users\leoni\AppData\Lo
cal\MiKTeX\2.9\fonts\pk\ljfour\jknappen\ec\dpi600\ecrm1095.pk> <C:\Users\leoni\
AppData\Local\MiKTeX\2.9\fonts\pk\ljfour\jknappen\ec\dpi600\ecti1200.pk> <C:\Us
ers\leoni\AppData\Local\MiKTeX\2.9\fonts\pk\ljfour\jknappen\ec\dpi600\ecrm0900.
pk> <C:\Users\leoni\AppData\Local\MiKTeX\2.9\fonts\pk\ljfour\jknappen\ec\dpi600
\ecbx1200.pk> <C:\Users\leoni\AppData\Local\MiKTeX\2.9\fonts\pk\ljfour\jknappen
\ec\dpi600\ecbx1440.pk> <C:\Users\leoni\AppData\Local\MiKTeX\2.9\fonts\pk\ljfou
r\jknappen\ec\dpi600\ecrm1200.pk><C:/Program Files/MiKTeX 2.9/fonts/type1/publi
c/amsfonts/cm/cmbx12.pfb><C:/Program Files/MiKTeX 2.9/fonts/type1/public/amsfon
ts/cm/cmbx8.pfb><C:/Program Files/MiKTeX 2.9/fonts/type1/public/amsfonts/cm/cme
x10.pfb><C:/Program Files/MiKTeX 2.9/fonts/type1/public/amsfonts/cm/cmmi10.pfb>
<C:/Program Files/MiKTeX 2.9/fonts/type1/public/amsfonts/cm/cmmi12.pfb><C:/Prog
ram Files/MiKTeX 2.9/fonts/type1/public/amsfonts/cm/cmmi6.pfb><C:/Program Files
/MiKTeX 2.9/fonts/type1/public/amsfonts/cm/cmmi7.pfb><C:/Program Files/MiKTeX 2
.9/fonts/type1/public/amsfonts/cm/cmmi8.pfb><C:/Program Files/MiKTeX 2.9/fonts/
type1/public/amsfonts/cm/cmmib10.pfb><C:/Program Files/MiKTeX 2.9/fonts/type1/p
ublic/amsfonts/cm/cmr10.pfb><C:/Program Files/MiKTeX 2.9/fonts/type1/public/ams
fonts/cm/cmr12.pfb><C:/Program Files/MiKTeX 2.9/fonts/type1/public/amsfonts/cm/
cmr6.pfb><C:/Program Files/MiKTeX 2.9/fonts/type1/public/amsfonts/cm/cmr8.pfb><
C:/Program Files/MiKTeX 2.9/fonts/type1/public/amsfonts/cm/cmsy10.pfb><C:/Progr
am Files/MiKTeX 2.9/fonts/type1/public/amsfonts/cm/cmsy6.pfb><C:/Program Files/
MiKTeX 2.9/fonts/type1/public/amsfonts/cm/cmsy8.pfb><C:/Program Files/MiKTeX 2.
9/fonts/type1/public/amsfonts/symbols/msam10.pfb><C:/Program Files/MiKTeX 2.9/f
onts/type1/public/amsfonts/symbols/msbm10.pfb><C:/Program Files/MiKTeX 2.9/font
s/type1/public/amsfonts/symbols/msbm7.pfb>
Output written on "Introduction traslate V4.pdf" (39 pages, 432632 bytes).
PDF statistics:
 672 PDF objects out of 1000 (max. 8388607)
 0 named destinations out of 1000 (max. 500000)
 6 words of extra memory for PDF output out of 10000 (max. 10000000)

