\BOOKMARK [0][-]{chapter.1}{The Real and Complex Numbers}{}% 1
\BOOKMARK [1][-]{section.1.1}{Ordered Sets}{chapter.1}% 2
\BOOKMARK [1][-]{section.1.2}{Fields}{chapter.1}% 3
\BOOKMARK [1][-]{section.1.3}{The Field of Real Numbers}{chapter.1}% 4
\BOOKMARK [1][-]{section.1.4}{The Complex Field}{chapter.1}% 5
\BOOKMARK [1][-]{section.1.5}{Euclidean Spaces}{chapter.1}% 6
\BOOKMARK [0][-]{chapter.2}{Topological Foundations}{}% 7
\BOOKMARK [1][-]{section.2.1}{Finite, Countable, and Uncountable Sets}{chapter.2}% 8
\BOOKMARK [1][-]{section.2.2}{Metric Spaces}{chapter.2}% 9
\BOOKMARK [1][-]{section.2.3}{Compact Sets}{chapter.2}% 10
\BOOKMARK [1][-]{section.2.4}{Perfect Sets}{chapter.2}% 11
\BOOKMARK [1][-]{section.2.5}{Connected Sets}{chapter.2}% 12
\BOOKMARK [0][-]{chapter.3}{Sequences}{}% 13
\BOOKMARK [1][-]{section.3.1}{Convergent Sequences}{chapter.3}% 14
\BOOKMARK [1][-]{section.3.2}{Subsequences}{chapter.3}% 15
\BOOKMARK [1][-]{section.3.3}{Cauchy Sequences}{chapter.3}% 16
\BOOKMARK [1][-]{section.3.4}{Upper and Loweer Limits.}{chapter.3}% 17
\BOOKMARK [1][-]{section.3.5}{Special Sequences}{chapter.3}% 18
\BOOKMARK [0][-]{chapter.4}{Continuity}{}% 19
\BOOKMARK [1][-]{section.4.1}{Limits of Functions.}{chapter.4}% 20
\BOOKMARK [1][-]{section.4.2}{Continuous Functions.}{chapter.4}% 21
\BOOKMARK [1][-]{section.4.3}{Continuity and Compactness.}{chapter.4}% 22
\BOOKMARK [1][-]{section.4.4}{Continuity and Connectedness.}{chapter.4}% 23
\BOOKMARK [1][-]{section.4.5}{Discontinuities.}{chapter.4}% 24
\BOOKMARK [1][-]{section.4.6}{Monotonic Functions.}{chapter.4}% 25
\BOOKMARK [1][-]{section.4.7}{Infinite Limits and Limits at Infinity.}{chapter.4}% 26
\BOOKMARK [0][-]{chapter.5}{Differentiation}{}% 27
\BOOKMARK [1][-]{section.5.1}{The Derivative of Real valued Functions.}{chapter.5}% 28
\BOOKMARK [1][-]{section.5.2}{Mean Value Theorems.}{chapter.5}% 29
\BOOKMARK [1][-]{section.5.3}{The Continuity of Derivatives.}{chapter.5}% 30
\BOOKMARK [1][-]{section.5.4}{L'Hosptal's Rule.}{chapter.5}% 31
\BOOKMARK [1][-]{section.5.5}{Taylor's Theorem.}{chapter.5}% 32
\BOOKMARK [1][-]{section.5.6}{Derivatives of vector valued functions.}{chapter.5}% 33
\BOOKMARK [0][-]{chapter.6}{The Riemann Integral}{}% 34
\BOOKMARK [1][-]{section.6.1}{The Integral.}{chapter.6}% 35
