This is LuaTeX, Version 1.07.0 (MiKTeX 2.9.6655 NEXT 64-bit)  (format=lualatex 2018.4.1)  17 SEP 2018 17:48
 restricted system commands enabled.
**thesisinfo.tex
(./thesisinfo.tex
LaTeX2e <2017-04-15>
Lua module: luaotfload-main 2017/01/29 2.80001 OpenType layout system.
Lua module: lualibs 2017-02-01 2.5 ConTeXt Lua standard libraries.
Lua module: lualibs-extended 2017-02-01 2.5 ConTeXt Lua libraries -- extended co
llection.(using cache: C:/Users/leoni/AppData/Local/MiKTeX/2.9/luatex-cache/gene
ric)
luaotfload | conf : Root cache directory is C:/Users/leoni/AppData/Local/MiKTeX/
2.9/luatex-cache/generic/names.
luaotfload | init : Loading fontloader “fontloader-2017-02-11.lua” from kpse
-resolved path “C:/Program Files/MiKTeX 2.9/tex/luatex/luaotfload/fontloader-2
017-02-11.lua”.
Lua-only attribute luaotfload@state = 1
Lua-only attribute luaotfload@noligature = 2
Lua-only attribute luaotfload@syllabe = 3
luaotfload | init : Context OpenType loader version “3.027”
Inserting `luaotfload.node_processor' at position 1 in `pre_linebreak_filter'.
Inserting `luaotfload.node_processor' at position 1 in `hpack_filter'.
Inserting `luaotfload.define_font' at position 1 in `define_font'.
Lua-only attribute luaotfload_color_attribute = 4
luaotfload | conf : Root cache directory is C:/Users/leoni/AppData/Local/MiKTeX/
2.9/luatex-cache/generic/names.
Inserting `luaotfload.aux.set_sscale_dimens' at position 1 in `luaotfload.patch_
font'.
Inserting `luaotfload.aux.patch_cambria_domh' at position 2 in `luaotfload.patch
_font'.
Inserting `luaotfload.aux.fixup_fontdata' at position 1 in `luaotfload.patch_fon
t_unsafe'.
Inserting `luaotfload.aux.set_capheight' at position 3 in `luaotfload.patch_font
'.
Inserting `luaotfload.rewrite_fontname' at position 4 in `luaotfload.patch_font'
.
luaotfload | main : initialization completed in 0.344 seconds
Babel <3.18> and hyphenation patterns for 1 language(s) loaded.
(./uprmclass.cls
Document Class: uprmclass 2002/09/20 v2.0c UF Thesis Class (Ron Smith), Edited b
y Alberto Santana (2003), Edited By Cesar Aceros (2005), Edited By Luis R. Fuent
es (2010)
("C:/Program Files/MiKTeX 2.9/tex/latex/base/ifthen.sty"
Package: ifthen 2014/09/29 v1.1c Standard LaTeX ifthen package (DPC)
)
\c@RS@ptcnt=\count79

("C:/Program Files/MiKTeX 2.9/tex/latex/base/report.cls"
Document Class: report 2014/09/29 v1.4h Standard LaTeX document class
("C:/Program Files/MiKTeX 2.9/tex/latex/base/size12.clo"
File: size12.clo 2014/09/29 v1.4h Standard LaTeX file (size option)
luaotfload | db : Font names database loaded from C:/Users/leoni/AppData/Local/M
iKTeX/2.9/luatex-cache/generic/names/luaotfload-names.luc(load luc: C:/Users/leo
ni/AppData/Local/MiKTeX/2.9/luatex-cache/generic/fonts/otl/lmroman12-regular.luc
))
\c@part=\count80
\c@chapter=\count81
\c@section=\count82
\c@subsection=\count83
\c@subsubsection=\count84
\c@paragraph=\count85
\c@subparagraph=\count86
\c@figure=\count87
\c@table=\count88
\abovecaptionskip=\skip41
\belowcaptionskip=\skip42
\bibindent=\dimen102
)
 
*****************************************
* Updating commands for Thesis Template *
*****************************************
("C:/Program Files/MiKTeX 2.9/tex/latex/setspace/setspace.sty"
Package: setspace 2011/12/19 v6.7a set line spacing
)
("C:/Program Files/MiKTeX 2.9/tex/latex/ulem/ulem.sty"
\UL@box=\box26
\UL@hyphenbox=\box27
\UL@skip=\skip43
\UL@hook=\toks14
\UL@height=\dimen103
\UL@pe=\count89
\UL@pixel=\dimen104
\ULC@box=\box28
Package: ulem 2012/05/18
\ULdepth=\dimen105
)
("C:/Program Files/MiKTeX 2.9/tex/latex/sectsty/sectsty.sty"
Package: sectsty 2002/02/25 v2.0.2 Commands to change all sectional heading styl
es
)(load luc: C:/Users/leoni/AppData/Local/MiKTeX/2.9/luatex-cache/generic/fonts/o
tl/lmroman10-regular.luc)
\c@RS@TmpCnt=\count90
\RS@TOChdent=\skip44
\RS@MyHeader=\skip45
\RS@NumPoints=\skip46
\RS@StartofHeader=\skip47
\RS@EndofFooter=\skip48
\RS@TempLength=\skip49
\BigLength=\skip50
(load luc: C:/Users/leoni/AppData/Local/MiKTeX/2.9/luatex-cache/generic/fonts/ot
l/lmroman6-regular.luc)
\UFdent=\skip51
\RS@chapnumwidth=\skip52
\RS@secindent=\skip53
\RS@secnumwidth=\skip54
\RS@subsecindent=\skip55
\RS@subsecnumwidth=\skip56
\RS@figindent=\skip57
\RS@fignumwidth=\skip58
\RS@tabindent=\skip59
\RS@tabnumwidth=\skip60
\abovefigcaptskip=\skip61
\belowfigcaptskip=\skip62
\abovetabcaptskip=\skip63
\belowtabcaptskip=\skip64

 
*****************************************
*  Finished with Thesis Template
*****************************************
 
) ("C:/Program Files/MiKTeX 2.9/tex/latex/geometry/geometry.sty"
Package: geometry 2018/03/24 v5.7 Page Geometry

("C:/Program Files/MiKTeX 2.9/tex/latex/graphics/keyval.sty"
Package: keyval 2014/10/28 v1.15 key=value parser (DPC)
\KV@toks@=\toks15
)
("C:/Program Files/MiKTeX 2.9/tex/generic/oberdiek/ifpdf.sty"
Package: ifpdf 2017/03/15 v3.2 Provides the ifpdf switch
)
("C:/Program Files/MiKTeX 2.9/tex/generic/oberdiek/ifvtex.sty"
Package: ifvtex 2016/05/16 v1.6 Detect VTeX and its facilities (HO)
Package ifvtex Info: VTeX not detected.
)
("C:/Program Files/MiKTeX 2.9/tex/generic/ifxetex/ifxetex.sty"
Package: ifxetex 2010/09/12 v0.6 Provides ifxetex conditional
)
\Gm@cnth=\count91
\Gm@cntv=\count92
\c@Gm@tempcnt=\count93
\Gm@bindingoffset=\dimen106
\Gm@wd@mp=\dimen107
\Gm@odd@mp=\dimen108
\Gm@even@mp=\dimen109
\Gm@layoutwidth=\dimen110
\Gm@layoutheight=\dimen111
\Gm@layouthoffset=\dimen112
\Gm@layoutvoffset=\dimen113
\Gm@dimlist=\toks16

("C:/Program Files/MiKTeX 2.9/tex/latex/geometry/geometry.cfg"))
("C:/Program Files/MiKTeX 2.9/tex/latex/natbib/natbib.sty"
Package: natbib 2010/09/13 8.31b (PWD, AO)
\bibhang=\skip65
\bibsep=\skip66
LaTeX Info: Redefining \cite on input line 694.
\c@NAT@ctr=\count94
)
("C:/Program Files/MiKTeX 2.9/tex/latex/jknappen/mathbbol.sty"
Package: mathbbol 1995/01/01
\symbbold=\mathgroup4
)
("C:/Program Files/MiKTeX 2.9/tex/latex/amsmath/amsmath.sty"
Package: amsmath 2017/09/02 v2.17a AMS math features
\@mathmargin=\skip67

For additional information on amsmath, use the `?' option.
("C:/Program Files/MiKTeX 2.9/tex/latex/amsmath/amstext.sty"
Package: amstext 2000/06/29 v2.01 AMS text

("C:/Program Files/MiKTeX 2.9/tex/latex/amsmath/amsgen.sty"
File: amsgen.sty 1999/11/30 v2.0 generic functions
\@emptytoks=\toks17
\ex@=\dimen114
))
("C:/Program Files/MiKTeX 2.9/tex/latex/amsmath/amsbsy.sty"
Package: amsbsy 1999/11/29 v1.2d Bold Symbols
\pmbraise@=\dimen115
)
("C:/Program Files/MiKTeX 2.9/tex/latex/amsmath/amsopn.sty"
Package: amsopn 2016/03/08 v2.02 operator names
)
\inf@bad=\count95
LaTeX Info: Redefining \frac on input line 213.
\uproot@=\count96
\leftroot@=\count97
LaTeX Info: Redefining \overline on input line 375.
\classnum@=\count98
\DOTSCASE@=\count99
LaTeX Info: Redefining \ldots on input line 472.
LaTeX Info: Redefining \dots on input line 475.
LaTeX Info: Redefining \cdots on input line 596.
\Mathstrutbox@=\box29
\strutbox@=\box30
\big@size=\dimen116
LaTeX Font Info:    Redeclaring font encoding OML on input line 712.
LaTeX Font Info:    Redeclaring font encoding OMS on input line 713.
\macc@depth=\count100
\c@MaxMatrixCols=\count101
\dotsspace@=\muskip10
\c@parentequation=\count102
\dspbrk@lvl=\count103
\tag@help=\toks18
\row@=\count104
\column@=\count105
\maxfields@=\count106
\andhelp@=\toks19
\eqnshift@=\dimen117
\alignsep@=\dimen118
\tagshift@=\dimen119
\tagwidth@=\dimen120
\totwidth@=\dimen121
\lineht@=\dimen122
\@envbody=\toks20
\multlinegap=\skip68
\multlinetaggap=\skip69
\mathdisplay@stack=\toks21
LaTeX Info: Redefining \[ on input line 2817.
LaTeX Info: Redefining \] on input line 2818.
)
("C:/Program Files/MiKTeX 2.9/tex/latex/amsfonts/amssymb.sty"
Package: amssymb 2013/01/14 v3.01 AMS font symbols

("C:/Program Files/MiKTeX 2.9/tex/latex/amsfonts/amsfonts.sty"
Package: amsfonts 2013/01/14 v3.01 Basic AMSFonts support
\symAMSa=\mathgroup5
\symAMSb=\mathgroup6
LaTeX Font Info:    Overwriting math alphabet `\mathfrak' in version `bold'
(Font)                  U/euf/m/n --> U/euf/b/n on input line 106.
))
("C:/Program Files/MiKTeX 2.9/tex/latex/amscls/amsthm.sty"
Package: amsthm 2017/10/31 v2.20.4
\thm@style=\toks22
\thm@bodyfont=\toks23
\thm@headfont=\toks24
\thm@notefont=\toks25
\thm@headpunct=\toks26
\thm@preskip=\skip70
\thm@postskip=\skip71
\thm@headsep=\skip72
\dth@everypar=\toks27
)
("C:/Program Files/MiKTeX 2.9/tex/latex/jknappen/mathrsfs.sty"
Package: mathrsfs 1996/01/01 Math RSFS package v1.0 (jk)
\symrsfs=\mathgroup7
)
("C:/Program Files/MiKTeX 2.9/tex/latex/graphics/graphicx.sty"
Package: graphicx 2017/06/01 v1.1a Enhanced LaTeX Graphics (DPC,SPQR)

("C:/Program Files/MiKTeX 2.9/tex/latex/graphics/graphics.sty"
Package: graphics 2017/06/25 v1.2c Standard LaTeX Graphics (DPC,SPQR)

("C:/Program Files/MiKTeX 2.9/tex/latex/graphics/trig.sty"
Package: trig 2016/01/03 v1.10 sin cos tan (DPC)
)
("C:/Program Files/MiKTeX 2.9/tex/latex/graphics-cfg/graphics.cfg"
File: graphics.cfg 2016/06/04 v1.11 sample graphics configuration
)
Package graphics Info: Driver file: luatex.def on input line 99.

("C:/Program Files/MiKTeX 2.9/tex/latex/graphics-def/luatex.def"
File: luatex.def 2018/01/08 v1.0l Graphics/color driver for luatex
))
\Gin@req@height=\dimen123
\Gin@req@width=\dimen124
)
("C:/Program Files/MiKTeX 2.9/tex/latex/tools/verbatim.sty"
Package: verbatim 2014/10/28 v1.5q LaTeX2e package for verbatim enhancements
\every@verbatim=\toks28
\verbatim@line=\toks29
\verbatim@in@stream=\read1
)
("C:/Program Files/MiKTeX 2.9/tex/latex/url/url.sty"
\Urlmuskip=\muskip11
Package: url 2013/09/16  ver 3.4  Verb mode for urls, etc.
)
("C:/Program Files/MiKTeX 2.9/tex/latex/caption/caption.sty"
Package: caption 2016/02/21 v3.3-144 Customizing captions (AR)

("C:/Program Files/MiKTeX 2.9/tex/latex/caption/caption3.sty"
Package: caption3 2016/05/22 v1.7-166 caption3 kernel (AR)
Package caption3 Info: TeX engine: e-TeX on input line 67.
\captionmargin=\dimen125
\captionmargin@=\dimen126
\captionwidth=\dimen127
\caption@tempdima=\dimen128
\caption@indent=\dimen129
\caption@parindent=\dimen130
\caption@hangindent=\dimen131
)
\c@ContinuedFloat=\count107
)
("C:/Program Files/MiKTeX 2.9/tex/latex/subfigure/subfigure.sty"
Package: subfigure 2002/07/30 v2.1.4 subfigure package
\subfigtopskip=\skip73
\subfigcapskip=\skip74
\subfigcaptopadj=\dimen132
\subfigbottomskip=\skip75
\subfigcapmargin=\dimen133
\subfiglabelskip=\skip76
\c@subfigure=\count108
\c@lofdepth=\count109
\c@subtable=\count110
\c@lotdepth=\count111

****************************************
* Local config file subfigure.cfg used *
****************************************
("C:/Program Files/MiKTeX 2.9/tex/latex/subfigure/subfigure.cfg")
\subfig@top=\skip77
\subfig@bottom=\skip78
)
("C:/Program Files/MiKTeX 2.9/tex/latex/calrsfs/calrsfs.sty"
\symrsfscript=\mathgroup8
) (./hypernat.sty
Package: hypernat 2001/07/09 v1.0b hyperref and natbib compatibility (jb)
)
("C:/Program Files/MiKTeX 2.9/tex/latex/tools/enumerate.sty"
Package: enumerate 2015/07/23 v3.00 enumerate extensions (DPC)
\@enLab=\toks30
)
("C:/Program Files/MiKTeX 2.9/tex/latex/graphics/rotating.sty"
Package: rotating 2016/08/11 v2.16d rotated objects in LaTeX
\c@r@tfl@t=\count112
\rotFPtop=\skip79
\rotFPbot=\skip80
\rot@float@box=\box31
\rot@mess@toks=\toks31
)
("C:/Program Files/MiKTeX 2.9/tex/latex/pstricks/pst-all.sty"
Package: pst-all 2008/01/01 the main pstricks tools

("C:/Program Files/MiKTeX 2.9/tex/latex/pstricks/pstricks.sty"
Package: pstricks 2018/01/06 v0.67 LaTeX wrapper for `PSTricks' (RN,HV)

("C:/Program Files/MiKTeX 2.9/tex/latex/iftex/iftex.sty"
Package: iftex 2013/04/04 v0.2 Provides if(tex) conditional for PDFTeX, XeTeX, a
nd LuaTeX
)
("C:/Program Files/MiKTeX 2.9/tex/latex/tools/shellesc.sty"
Package: shellesc 2016/06/07 v0.02a unified shell escape interface for LaTeX
Package shellesc Info: Restricted shell escape enabled on input line 69.
)
("C:/Program Files/MiKTeX 2.9/tex/latex/xcolor/xcolor.sty"
Package: xcolor 2016/05/11 v2.12 LaTeX color extensions (UK)

("C:/Program Files/MiKTeX 2.9/tex/latex/graphics-cfg/color.cfg"
File: color.cfg 2016/01/02 v1.6 sample color configuration
)
Package xcolor Info: Driver file: luatex.def on input line 225.
Package xcolor Info: Model `cmy' substituted by `cmy0' on input line 1348.
Package xcolor Info: Model `hsb' substituted by `rgb' on input line 1352.
Package xcolor Info: Model `RGB' extended on input line 1364.
Package xcolor Info: Model `HTML' substituted by `rgb' on input line 1366.
Package xcolor Info: Model `Hsb' substituted by `hsb' on input line 1367.
Package xcolor Info: Model `tHsb' substituted by `hsb' on input line 1368.
Package xcolor Info: Model `HSB' substituted by `hsb' on input line 1369.
Package xcolor Info: Model `Gray' substituted by `gray' on input line 1370.
Package xcolor Info: Model `wave' substituted by `hsb' on input line 1371.
)
("C:/Program Files/MiKTeX 2.9/tex/generic/xkeyval/pst-xkey.tex"
File: pst-xkey.tex 2005/11/25 v1.6 PSTricks specialization of xkeyval (HA)

("C:/Program Files/MiKTeX 2.9/tex/latex/xkeyval/xkeyval.sty"
Package: xkeyval 2014/12/03 v2.7a package option processing (HA)

("C:/Program Files/MiKTeX 2.9/tex/generic/xkeyval/xkeyval.tex"
("C:/Program Files/MiKTeX 2.9/tex/generic/xkeyval/xkvutils.tex"
\XKV@toks=\toks32
\XKV@tempa@toks=\toks33
)
\XKV@depth=\count113
File: xkeyval.tex 2014/12/03 v2.7a key=value parser (HA)
)))
("C:/Program Files/MiKTeX 2.9/tex/generic/pstricks/pstricks.tex"
("C:/Program Files/MiKTeX 2.9/tex/generic/pstricks/pst-fp.tex"
`pst-fp' v0.05, 2010/01/17 (hv)
\pstFP@xs=\count114
\pstFP@xia=\count115
\pstFP@xib=\count116
\pstFP@xfa=\count117
\pstFP@xfb=\count118
\pstFP@rega=\count119
\pstFP@regb=\count120
\pstFP@regs=\count121
\pstFP@times=\count122
)
("C:/Program Files/MiKTeX 2.9/tex/generic/pgf/utilities/pgfutil-common.tex"
\pgfutil@everybye=\toks34
\pgfutil@tempdima=\dimen134
\pgfutil@tempdimb=\dimen135

("C:/Program Files/MiKTeX 2.9/tex/generic/pgf/utilities/pgfutil-common-lists.te
x")) ("C:/Program Files/MiKTeX 2.9/tex/generic/pgf/utilities/pgfkeys.code.tex"
\pgfkeys@pathtoks=\toks35
\pgfkeys@temptoks=\toks36

("C:/Program Files/MiKTeX 2.9/tex/generic/pgf/utilities/pgfkeysfiltered.code.te
x"
\pgfkeys@tmptoks=\toks37
)) ("C:/Program Files/MiKTeX 2.9/tex/generic/pgf/utilities/pgffor.code.tex"
("C:/Program Files/MiKTeX 2.9/tex/generic/pgf/math/pgfmath.code.tex"
("C:/Program Files/MiKTeX 2.9/tex/generic/pgf/math/pgfmathcalc.code.tex"
("C:/Program Files/MiKTeX 2.9/tex/generic/pgf/math/pgfmathutil.code.tex"
\pgf@x=\dimen136
\pgf@xa=\dimen137
\pgf@xb=\dimen138
\pgf@xc=\dimen139
\pgf@y=\dimen140
\pgf@ya=\dimen141
\pgf@yb=\dimen142
\pgf@yc=\dimen143
\c@pgf@counta=\count123
\c@pgf@countb=\count124
\c@pgf@countc=\count125
\c@pgf@countd=\count126
\pgfutil@tempcnta=\count127
\pgfutil@tempcntb=\count128
)
("C:/Program Files/MiKTeX 2.9/tex/generic/pgf/math/pgfmathparser.code.tex"
\pgfmath@dimen=\dimen144
\pgfmath@count=\count129
\pgfmath@box=\box32
\pgfmath@toks=\toks38
\pgfmath@stack@operand=\toks39
\pgfmath@stack@operation=\toks40
)
("C:/Program Files/MiKTeX 2.9/tex/generic/pgf/math/pgfmathfunctions.code.tex"
("C:/Program Files/MiKTeX 2.9/tex/generic/pgf/math/pgfmathfunctions.basic.code.
tex")
("C:/Program Files/MiKTeX 2.9/tex/generic/pgf/math/pgfmathfunctions.trigonometr
ic.code.tex")
("C:/Program Files/MiKTeX 2.9/tex/generic/pgf/math/pgfmathfunctions.random.code
.tex")
("C:/Program Files/MiKTeX 2.9/tex/generic/pgf/math/pgfmathfunctions.comparison.
code.tex")
("C:/Program Files/MiKTeX 2.9/tex/generic/pgf/math/pgfmathfunctions.base.code.t
ex")
("C:/Program Files/MiKTeX 2.9/tex/generic/pgf/math/pgfmathfunctions.round.code.
tex")
("C:/Program Files/MiKTeX 2.9/tex/generic/pgf/math/pgfmathfunctions.misc.code.t
ex")
("C:/Program Files/MiKTeX 2.9/tex/generic/pgf/math/pgfmathfunctions.integerarit
hmetics.code.tex")))
("C:/Program Files/MiKTeX 2.9/tex/generic/pgf/math/pgfmathfloat.code.tex"
\c@pgfmathroundto@lastzeros=\count130
))
\pgffor@iter=\dimen145
\pgffor@skip=\dimen146
\pgffor@stack=\toks41
\pgffor@toks=\toks42
)
\psLoopIndex=\count131

`PSTricks' v2.82  <2018/01/06> (tvz,hv)
\pst@dima=\dimen147
\pst@dimb=\dimen148
\pst@dimc=\dimen149
\pst@dimd=\dimen150
\pst@dimg=\dimen151
\pst@dimh=\dimen152
\pst@dimm=\dimen153
\pst@dimn=\dimen154
\pst@dimo=\dimen155
\pst@dimp=\dimen156
\pst@hbox=\box33
\pst@ibox=\box34
\pst@boxg=\box35
\pst@cnta=\count132
\pst@cntb=\count133
\pst@cntc=\count134
\pst@cntd=\count135
\pst@cntg=\count136
\pst@cnth=\count137
\pst@cntm=\count138
\pst@cntn=\count139
\pst@cnto=\count140
\pst@cntp=\count141
\@zero=\count142
\pst@toks=\toks43
("C:/Program Files/MiKTeX 2.9/tex/generic/pstricks/pstricks.con")
\psunit=\dimen157
\psxunit=\dimen158
\psyunit=\dimen159
\pst@C@@rType=\count143
\pslinewidth=\dimen160
\psk@startLW=\dimen161
\psk@endLW=\dimen162
\pst@customdefs=\toks44
\pslinearc=\dimen163
\pst@symbolStep=\dimen164
\pst@symbolWidth=\dimen165
\pst@symbolLinewidth=\dimen166
\everypsbox=\toks45
\psframesep=\dimen167
\pslabelsep=\dimen168
\sh@wgridXunit=\dimen169
\sh@wgridYunit=\dimen170
\pst@shift=\dimen171
)
File: pstricks.tex 2018/01/06 v2.82 `PSTricks' (tvz,hv)

("C:/Program Files/MiKTeX 2.9/tex/generic/pstricks/pst-fp.tex")
File: pst-fp.tex 2018/01/06 v2.82 `PST-fp' (hv)
)
("C:/Program Files/MiKTeX 2.9/tex/latex/pst-plot/pst-plot.sty"
Package: pst-plot 2011/06/05 v1.00 LaTeX wrapper for `pst-plot' (HV)

("C:/Program Files/MiKTeX 2.9/tex/latex/xkeyval/pst-xkey.sty"
Package: pst-xkey 2005/11/25 v1.6 package wrapper for pst-xkey.tex (HA)
)
("C:/Program Files/MiKTeX 2.9/tex/latex/multido/multido.sty"
Package: multido 2004/05/17 package wrapper for PSTricks `multido.tex', (HV/RN)

("C:/Program Files/MiKTeX 2.9/tex/generic/multido/multido.tex"
 v1.42, 2010/05/14 <tvz>
\multido@count=\count144
\multidocount=\count145
\multido@stuff=\toks46
)
File: multido.tex 2010/05/14 v1.42 `multido' (tvz,hv)
)
Package: pst-plot 2011/04/13 package wrapper for pst-plot.tex (hv)

("C:/Program Files/MiKTeX 2.9/tex/generic/pst-plot/pst-plot.tex"
("C:/Program Files/MiKTeX 2.9/tex/generic/pst-tools/pst-tools.tex"
`PST-tools' v0.09b, 2017/12/03 (hv))
("C:/Program Files/MiKTeX 2.9/tex/generic/pstricks-add/pstricks-add.tex"
("C:/Program Files/MiKTeX 2.9/tex/generic/pst-node/pst-node.tex"
 v1.41, 2017/12/30
\psrow=\count146
\pscol=\count147
\psmatrixcnt=\count148
\psrowsep=\skip81
\pscolsep=\skip82
\pst@args=\count149
\num@pts=\count150
\pst@argcnt=\count151
)
("C:/Program Files/MiKTeX 2.9/tex/generic/pst-arrow/pst-arrow.tex"
`pst-arrow' v0.01, 2016/09/01 (dr,hv)
\pshooklength=\dimen172
\pshookwidth=\dimen173
)
("C:/Program Files/MiKTeX 2.9/tex/generic/pst-3d/pst-3d.tex"
`PST-3d' v1.11, 2010/02/14 (tvz))
("C:/Program Files/MiKTeX 2.9/tex/generic/pst-math/pst-math.tex"
`pst-math' v0.63 , (CJ,hv)) `pstricks-add' v3.85a, 2018/02/03 (dr,hv)
\psparallelogramsep=\dimen174
\pst@cntC=\count152
\pst@stepcount=\count153
\chart@ColorIndex=\dimen175
\chart@ColorStep=\dimen176
\pst@chartHeight=\dimen177
\pst@chartStackDepth=\dimen178
\pst@chartStackWidth=\dimen179
\chart@Toggle=\count154
\psVectorCtr=\count155
)
 v1.90, 2018/03/28 (tvz,hv)
\pstRadUnit=\dimen180
\pstRadUnitInv=\dimen181
\pst@linecnt=\count156
\RCD@file=\read2
\psxlabelsep=\dimen182
\psylabelsep=\dimen183
\psk@subticksize=\dimen184
\pst@xticksizeA=\dimen185
\pst@xticksizeB=\dimen186
\pst@xticksizeC=\dimen187
\pst@yticksizeA=\dimen188
\pst@yticksizeB=\dimen189
\pst@yticksizeC=\dimen190
\@digitcounter=\count157
\psk@llx=\dimen191
\psk@lly=\dimen192
\psk@urx=\dimen193
\psk@ury=\dimen194
\pst@xunit=\dimen195
\pst@yunit=\dimen196
)
File: pst-plot.tex 2018/03/28 1.90 `pst-plot' (tvz,hv)
)
("C:/Program Files/MiKTeX 2.9/tex/latex/pst-node/pst-node.sty"
Package: pst-node 2012/09/18 v1.01 LaTeX wrapper for `pst-node' (HV)
Package: pst-node 2010/04/22 package wrapper for pst-node.tex

("C:/Program Files/MiKTeX 2.9/tex/generic/pst-node/pst-node.tex")
File: pst-node.tex 2018/03/28 1.90 `pst-node' (tvz,hv)
)
("C:/Program Files/MiKTeX 2.9/tex/latex/pst-tree/pst-tree.sty"
Package: pst-tree 2009/01/25 package wrapper for pst-tree.tex

("C:/Program Files/MiKTeX 2.9/tex/generic/pst-tree/pst-tree.tex"
 v1.13, 2017/02/18(tvz,dg,hv)
\pstree@rootbox=\box36
\pstree@box=\box37
\psnodecnt=\count158
\pstreelevel=\count159
\pstreecnt=\count160
\pstree@cnt=\count161
\pstree@stop=\count162
)
File: pst-tree.tex 2017/02/18 1.13 `pst-tree' (tvz,hv)
)
("C:/Program Files/MiKTeX 2.9/tex/latex/pst-grad/pst-grad.sty"
Package: pst-grad 2004/07/15 package wrapper for pst-grad.tex (hv)

("C:/Program Files/MiKTeX 2.9/tex/generic/pst-grad/pst-grad.tex"
`pst-grad' v1.06, 2006/11/27 (tvz,dg,hv))
File: pst-grad.tex 2006/11/27 1.06 `pst-grad' (tvz)
)
("C:/Program Files/MiKTeX 2.9/tex/latex/pst-coil/pst-coil.sty"
Package: pst-coil 2010/02/01 package wrapper for pst-coil.tex (hv)

("C:/Program Files/MiKTeX 2.9/tex/generic/pst-coil/pst-coil.tex"
 v1.06, 2006/11/27
("C:/Program Files/MiKTeX 2.9/tex/generic/pst-node/pst-node.tex"))
File: pst-coil.tex 2015/05/13 v1.07 `PST-coil' (tvz,hv)
)
("C:/Program Files/MiKTeX 2.9/tex/latex/pst-text/pst-text.sty"
Package: pst-text 2006/01/01 package wrapper for pst-text.tex (hv)

("C:/Program Files/MiKTeX 2.9/tex/generic/pst-text/pst-text.tex"
 v1.00, 2006/11/05(tvz,hv))
File: pst-text.tex 2006/11/05 1.00 `pst-text' (tvz)
)
("C:/Program Files/MiKTeX 2.9/tex/latex/pst-3d/pst-3d.sty"
Package: pst-3d 2009/07/28 package wrapper for pst-3d.tex (hv)

("C:/Program Files/MiKTeX 2.9/tex/generic/pst-3d/pst-3d.tex")
File: pst-3d.tex 2006/11/05 v1.00 `PST-3d' (hv)
)
("C:/Program Files/MiKTeX 2.9/tex/latex/pst-eps/pst-eps.sty"
Package: pst-eps 2005/05/20 package wrapper for pst-eps.tex (hv)

("C:/Program Files/MiKTeX 2.9/tex/generic/pst-eps/pst-eps.tex"
 v1.00, 2006/11/04
\pst@epsout=\write3
\pst@tempout=\write4
)
File: pst-eps.tex 2006/11/04 1.00 `pst-eps' (tvz)
)
("C:/Program Files/MiKTeX 2.9/tex/latex/pst-fill/pst-fill.sty"
Package: pst-fill 2005/09/13 package wrapper for pst-fill.tex (hv)

("C:/Program Files/MiKTeX 2.9/tex/generic/pst-fill/pst-fill.tex"
`PST-Fill' v1.01, 2007/03/10 (tvz,dg,hv)
\pst@fillbox=\box38
)
File: pst-fill.tex 2007/03/10 v1.01 `PST-fill' (tvz,dg)
)
("C:/Program Files/MiKTeX 2.9/tex/latex/pstricks-add/pstricks-add.sty"
("C:/Program Files/MiKTeX 2.9/tex/latex/pst-math/pst-math.sty"
Package: pst-math 2014/07/30 package wrapper for PSTricks pst-math.tex

("C:/Program Files/MiKTeX 2.9/tex/generic/pst-math/pst-math.tex")
File: pst-math.tex 2007/03/10 v1.01 `PST-math' (hv)
)
Package: pstricks-add 2018/02/03 v. 0.15 package wrapper for pstricks-add.tex (h
v)

("C:/Program Files/MiKTeX 2.9/tex/generic/pstricks-add/pstricks-add.tex")
File: pstricks-add.tex 2007/03/10 v1.01 `PSTricks-add' (hv)

("C:/Program Files/MiKTeX 2.9/tex/latex/l3packages/xparse/xparse.sty"
("C:/Program Files/MiKTeX 2.9/tex/latex/l3kernel/expl3.sty"
Package: expl3 2018/03/05 L3 programming layer (loader) 

("C:/Program Files/MiKTeX 2.9/tex/latex/l3kernel/expl3-code.tex"
Package: expl3 2018/03/05 L3 programming layer (code)
\ucharcat@table=\catcodetable5
\c_max_int=\count163
\l_tmpa_int=\count164
\l_tmpb_int=\count165
\g_tmpa_int=\count166
\g_tmpb_int=\count167
\g__intarray_font_int=\count168
\g__prg_map_int=\count169
\c_log_iow=\count170
\l_iow_line_count_int=\count171
\l__iow_line_target_int=\count172
\l__iow_one_indent_int=\count173
\l__iow_indent_int=\count174
\c_zero_dim=\dimen197
\c_max_dim=\dimen198
\l_tmpa_dim=\dimen199
\l_tmpb_dim=\dimen256
\g_tmpa_dim=\dimen257
\g_tmpb_dim=\dimen258
\c_zero_skip=\skip83
\c_max_skip=\skip84
\l_tmpa_skip=\skip85
\l_tmpb_skip=\skip86
\g_tmpa_skip=\skip87
\g_tmpb_skip=\skip88
\c_zero_muskip=\muskip12
\c_max_muskip=\muskip13
\l_tmpa_muskip=\muskip14
\l_tmpb_muskip=\muskip15
\g_tmpa_muskip=\muskip16
\g_tmpb_muskip=\muskip17
\l_keys_choice_int=\count175
\c__fp_leading_shift_int=\count176
\c__fp_middle_shift_int=\count177
\c__fp_trailing_shift_int=\count178
\c__fp_big_leading_shift_int=\count179
\c__fp_big_middle_shift_int=\count180
\c__fp_big_trailing_shift_int=\count181
\c__fp_Bigg_leading_shift_int=\count182
\c__fp_Bigg_middle_shift_int=\count183
\c__fp_Bigg_trailing_shift_int=\count184
\c__fp_rand_size_int=\count185
\c__fp_rand_four_int=\count186
\c__fp_rand_eight_int=\count187
\l__sort_length_int=\count188
\l__sort_min_int=\count189
\l__sort_top_int=\count190
\l__sort_max_int=\count191
\l__sort_true_max_int=\count192
\l__sort_block_int=\count193
\l__sort_begin_int=\count194
\l__sort_end_int=\count195
\l__sort_A_int=\count196
\l__sort_B_int=\count197
\l__sort_C_int=\count198
\l__tl_build_start_index_int=\count199
\l__tl_build_index_int=\count266
\l__tl_analysis_normal_int=\count267
\l__tl_analysis_index_int=\count268
\l__tl_analysis_nesting_int=\count269
\l__tl_analysis_type_int=\count270
\l__regex_internal_a_int=\count271
\l__regex_internal_b_int=\count272
\l__regex_internal_c_int=\count273
\l__regex_balance_int=\count274
\l__regex_group_level_int=\count275
\l__regex_mode_int=\count276
\c__regex_cs_in_class_mode_int=\count277
\c__regex_cs_mode_int=\count278
\l__regex_catcodes_int=\count279
\l__regex_default_catcodes_int=\count280
\c__regex_catcode_L_int=\count281
\c__regex_catcode_O_int=\count282
\c__regex_catcode_A_int=\count283
\c__regex_all_catcodes_int=\count284
\l__regex_show_lines_int=\count285
\l__regex_min_state_int=\count286
\l__regex_max_state_int=\count287
\l__regex_left_state_int=\count288
\l__regex_right_state_int=\count289
\l__regex_capturing_group_int=\count290
\l__regex_min_pos_int=\count291
\l__regex_max_pos_int=\count292
\l__regex_curr_pos_int=\count293
\l__regex_start_pos_int=\count294
\l__regex_success_pos_int=\count295
\l__regex_curr_char_int=\count296
\l__regex_curr_catcode_int=\count297
\l__regex_last_char_int=\count298
\l__regex_case_changed_char_int=\count299
\l__regex_curr_state_int=\count300
\l__regex_step_int=\count301
\l__regex_min_active_int=\count302
\l__regex_max_active_int=\count303
\l__regex_replacement_csnames_int=\count304
\l__regex_match_count_int=\count305
\l__regex_min_submatch_int=\count306
\l__regex_submatch_int=\count307
\l__regex_zeroth_submatch_int=\count308
\g__regex_trace_regex_int=\count309
\c_empty_box=\box39
\l_tmpa_box=\box40
\l_tmpb_box=\box41
\g_tmpa_box=\box42
\g_tmpb_box=\box43
\l__box_top_dim=\dimen259
\l__box_bottom_dim=\dimen260
\l__box_left_dim=\dimen261
\l__box_right_dim=\dimen262
\l__box_top_new_dim=\dimen263
\l__box_bottom_new_dim=\dimen264
\l__box_left_new_dim=\dimen265
\l__box_right_new_dim=\dimen266
\l__box_internal_box=\box44
\l__coffin_internal_box=\box45
\l__coffin_internal_dim=\dimen267
\l__coffin_offset_x_dim=\dimen268
\l__coffin_offset_y_dim=\dimen269
\l__coffin_x_dim=\dimen270
\l__coffin_y_dim=\dimen271
\l__coffin_x_prime_dim=\dimen272
\l__coffin_y_prime_dim=\dimen273
\c_empty_coffin=\box46
\l__coffin_aligned_coffin=\box47
\l__coffin_aligned_internal_coffin=\box48
\l_tmpa_coffin=\box49
\l_tmpb_coffin=\box50
\l__coffin_display_coffin=\box51
\l__coffin_display_coord_coffin=\box52
\l__coffin_display_pole_coffin=\box53
\l__coffin_display_offset_dim=\dimen274
\l__coffin_display_x_dim=\dimen275
\l__coffin_display_y_dim=\dimen276
\l__coffin_bounding_shift_dim=\dimen277
\l__coffin_left_corner_dim=\dimen278
\l__coffin_right_corner_dim=\dimen279
\l__coffin_bottom_corner_dim=\dimen280
\l__coffin_top_corner_dim=\dimen281
\l__coffin_scaled_total_height_dim=\dimen282
\l__coffin_scaled_width_dim=\dimen283
)
("C:/Program Files/MiKTeX 2.9/tex/latex/l3kernel/l3pdfmode.def"
File: l3pdfmode.def 2017/03/18 v L3 Experimental driver: PDF mode
\l__driver_color_stack_int=\count310
))
Package: xparse 2018/02/21 L3 Experimental document command parser
\l__xparse_current_arg_int=\count311
\g__xparse_grabber_int=\count312
\l__xparse_m_args_int=\count313
\l__xparse_mandatory_args_int=\count314
\l__xparse_v_nesting_int=\count315
)
.................................................
. LaTeX info: "xparse/define-command"
. 
. Defining command \psCalc with sig. 'm' on line 23.
.................................................
))
("C:/Program Files/MiKTeX 2.9/tex/latex/doublestroke/dsfont.sty"
Package: dsfont 1995/08/01 v0.1 Double stroke roman fonts
)
("C:/Program Files/MiKTeX 2.9/tex/latex/fancyhdr/fancyhdr.sty"
Package: fancyhdr 2017/06/30 v3.9a Extensive control of page headers and footers

\f@nch@headwidth=\skip89
\f@nch@O@elh=\skip90
\f@nch@O@erh=\skip91
\f@nch@O@olh=\skip92
\f@nch@O@orh=\skip93
\f@nch@O@elf=\skip94
\f@nch@O@erf=\skip95
\f@nch@O@olf=\skip96
\f@nch@O@orf=\skip97
)
("C:/Program Files/MiKTeX 2.9/tex/latex/hyperref/hyperref.sty"
Package: hyperref 2018/02/06 v6.86b Hypertext links for LaTeX

("C:/Program Files/MiKTeX 2.9/tex/generic/oberdiek/hobsub-hyperref.sty"
Package: hobsub-hyperref 2016/05/16 v1.14 Bundle oberdiek, subset hyperref (HO)

("C:/Program Files/MiKTeX 2.9/tex/generic/oberdiek/hobsub-generic.sty"
Package: hobsub-generic 2016/05/16 v1.14 Bundle oberdiek, subset generic (HO)
Package: hobsub 2016/05/16 v1.14 Construct package bundles (HO)
Package: infwarerr 2016/05/16 v1.4 Providing info/warning/error messages (HO)
Package: ltxcmds 2016/05/16 v1.23 LaTeX kernel commands for general use (HO)
Package: ifluatex 2016/05/16 v1.4 Provides the ifluatex switch (HO)
Package ifluatex Info: LuaTeX detected.
Package hobsub Info: Skipping package `ifvtex' (already loaded).
Package: intcalc 2016/05/16 v1.2 Expandable calculations with integers (HO)
Package hobsub Info: Skipping package `ifpdf' (already loaded).
Package: etexcmds 2016/05/16 v1.6 Avoid name clashes with e-TeX commands (HO)
Package: kvsetkeys 2016/05/16 v1.17 Key value parser (HO)
Package: kvdefinekeys 2016/05/16 v1.4 Define keys (HO)
Package: luatex-loader 2016/05/16 v0.6 Lua module loader (HO)

(C:/Program Files/MiKTeX 2.9/scripts/oberdiek/oberdiek.luatex.lua)
Package: pdftexcmds 2018/01/30 v0.27 Utility functions of pdfTeX for LuaTeX (HO)

Package pdftexcmds Info: \pdf@primitive is available.
Package pdftexcmds Info: \pdf@ifprimitive is available.
Package pdftexcmds Info: \pdfdraftmode found.
\pdftexcmds@toks=\toks47
Package: pdfescape 2016/05/16 v1.14 Implements pdfTeX's escape features (HO)
Package: bigintcalc 2016/05/16 v1.4 Expandable calculations on big integers (HO)

Package: bitset 2016/05/16 v1.2 Handle bit-vector datatype (HO)
Package: uniquecounter 2016/05/16 v1.3 Provide unlimited unique counter (HO)
)
Package hobsub Info: Skipping package `hobsub' (already loaded).
Package: letltxmacro 2016/05/16 v1.5 Let assignment for LaTeX macros (HO)
Package: hopatch 2016/05/16 v1.3 Wrapper for package hooks (HO)
Package: xcolor-patch 2016/05/16 xcolor patch
Package: atveryend 2016/05/16 v1.9 Hooks at the very end of document (HO)
Package atveryend Info: \enddocument detected (standard20110627).
Package: atbegshi 2016/06/09 v1.18 At begin shipout hook (HO)
Package: refcount 2016/05/16 v3.5 Data extraction from label references (HO)
Package: hycolor 2016/05/16 v1.8 Color options for hyperref/bookmark (HO)
)
("C:/Program Files/MiKTeX 2.9/tex/latex/oberdiek/auxhook.sty"
Package: auxhook 2016/05/16 v1.4 Hooks for auxiliary files (HO)
)
("C:/Program Files/MiKTeX 2.9/tex/latex/oberdiek/kvoptions.sty"
Package: kvoptions 2016/05/16 v3.12 Key value format for package options (HO)
)
\@linkdim=\dimen284
\Hy@linkcounter=\count316
\Hy@pagecounter=\count317

("C:/Program Files/MiKTeX 2.9/tex/latex/hyperref/pd1enc.def"
File: pd1enc.def 2018/02/06 v6.86b Hyperref: PDFDocEncoding definition (HO)
)
\Hy@SavedSpaceFactor=\count318

("C:/Program Files/MiKTeX 2.9/tex/latex/00miktex/hyperref.cfg"
File: hyperref.cfg 2002/06/06 v1.2 hyperref configuration of TeXLive
)

! Package hyperref Error: Wrong DVI mode driver option `dvips',
(hyperref)                because pdfTeX or LuaTeX is running in PDF mode.

See the hyperref package documentation for explanation.
Type  H <return>  for immediate help.
 ...                                              
                                                  
l.4383 \ProcessKeyvalOptions{Hyp}
                               
Try typing  <return>  to proceed.
If that doesn't work, type  X <return>  to quit.

Package hyperref Info: Option `bookmarks' set `true' on input line 4383.
Package hyperref Info: Option `bookmarksopen' set `true' on input line 4383.
Package hyperref Info: Option `breaklinks' set `true' on input line 4383.

Package hyperref Warning: Option `letterpaper' is no longer used.

Package hyperref Info: Option `plainpages' set `false' on input line 4383.
Package hyperref Info: Option `colorlinks' set `false' on input line 4383.
Package hyperref Info: Option `hypertexnames' set `false' on input line 4383.
Package hyperref Info: Hyper figures OFF on input line 4509.
Package hyperref Info: Link nesting OFF on input line 4514.
Package hyperref Info: Hyper index ON on input line 4517.
Package hyperref Info: Plain pages OFF on input line 4524.
Package hyperref Info: Backreferencing OFF on input line 4529.
Package hyperref Info: Implicit mode ON; LaTeX internals redefined.
Package hyperref Info: Bookmarks ON on input line 4762.
\c@Hy@tempcnt=\count319
LaTeX Info: Redefining \url on input line 5115.
\XeTeXLinkMargin=\dimen285
\Fld@menulength=\count320
\Field@Width=\dimen286
\Fld@charsize=\dimen287
Package hyperref Info: Hyper figures OFF on input line 6369.
Package hyperref Info: Link nesting OFF on input line 6374.
Package hyperref Info: Hyper index ON on input line 6377.
Package hyperref Info: backreferencing OFF on input line 6384.
Package hyperref Info: Link coloring OFF on input line 6389.
Package hyperref Info: Link coloring with OCG OFF on input line 6394.
Package hyperref Info: PDF/A mode OFF on input line 6399.
LaTeX Info: Redefining \ref on input line 6439.
LaTeX Info: Redefining \pageref on input line 6443.
\Hy@abspage=\count321
\c@Item=\count322
\c@Hfootnote=\count323
)
Package hyperref Info: Driver (autodetected): hluatex.
 ("C:/Program Files/MiKTeX 2.9/tex/latex/hyperref/hluatex.def"
File: hluatex.def 2018/02/06 v6.86b Hyperref driver for luaTeX
\Fld@listcount=\count324
\c@bookmark@seq@number=\count325

("C:/Program Files/MiKTeX 2.9/tex/latex/oberdiek/rerunfilecheck.sty"
Package: rerunfilecheck 2016/05/16 v1.8 Rerun checks for auxiliary files (HO)
Package uniquecounter Info: New unique counter `rerunfilecheck' on input line 28
2.
)
\Hy@SectionHShift=\skip98
)
(./defs.tex))
! Emergency stop.
<*> thesisinfo.tex
               
*** (job aborted, no legal \end found)



Here is how much of LuaTeX's memory you used:
 26103 strings out of 494447
 100000,662416 words of node,token memory allocated 667 words of node memory still in use:
   3 hlist, 1 vlist, 1 rule, 1 dir, 20 attribute, 84 glue_spec, 20 attribute_lis
t, 1 write, 15 special, 1 pdf_colorstack nodes
   avail lists: 1:1,2:17,3:3,5:1,7:5,8:1
 29539 multiletter control sequences out of 65536+200000
 26 fonts using 5721367 bytes
 46i,0n,54p,668b,261s stack positions out of 5000i,500n,10000p,200000b,50000s
!  ==> Fatal error occurred, no output PDF file produced!
